---- OUTPUT (stdout) ----
		Error: Error: Command failed: python3 /tmp/game#1#9a4f6b8d-41a8-48e3-9ea3-efa51c67f4d6-HcYj7x/team#Pytho Pajamas.pyz 0
Traceback (most recent call last):
  File "/usr/lib/python3.9/runpy.py", line 197, in _run_module_as_main
    return _run_code(code, main_globals, None,
  File "/usr/lib/python3.9/runpy.py", line 87, in _run_code
    exec(code, run_globals)
  File "/tmp/game#1#9a4f6b8d-41a8-48e3-9ea3-efa51c67f4d6-HcYj7x/team#Pytho Pajamas.pyz/__main__.py", line 2, in <module>
  File "<frozen zipimport>", line 259, in load_module
  File "/tmp/game#1#9a4f6b8d-41a8-48e3-9ea3-efa51c67f4d6-HcYj7x/team#Pytho Pajamas.pyz/main.py", line 23, in <module>
  File "<frozen zipimport>", line 259, in load_module
  File "/tmp/game#1#9a4f6b8d-41a8-48e3-9ea3-efa51c67f4d6-HcYj7x/team#Pytho Pajamas.pyz/strategy/strategy_config.py", line 1, in <module>
  File "<frozen zipimport>", line 259, in load_module
  File "/tmp/game#1#9a4f6b8d-41a8-48e3-9ea3-efa51c67f4d6-HcYj7x/team#Pytho Pajamas.pyz/strategy/knight_scope.py", line 3, in <module>
  File "/usr/lib/python3.9/turtle.py", line 107, in <module>
    import tkinter as TK
ModuleNotFoundError: No module named 'tkinter'

		---- ERRORS (stderr) ----
		Error: Command failed: python3 /tmp/game#1#9a4f6b8d-41a8-48e3-9ea3-efa51c67f4d6-HcYj7x/team#Pytho Pajamas.pyz 0
Traceback (most recent call last):
  File "/usr/lib/python3.9/runpy.py", line 197, in _run_module_as_main
    return _run_code(code, main_globals, None,
  File "/usr/lib/python3.9/runpy.py", line 87, in _run_code
    exec(code, run_globals)
  File "/tmp/game#1#9a4f6b8d-41a8-48e3-9ea3-efa51c67f4d6-HcYj7x/team#Pytho Pajamas.pyz/__main__.py", line 2, in <module>
  File "<frozen zipimport>", line 259, in load_module
  File "/tmp/game#1#9a4f6b8d-41a8-48e3-9ea3-efa51c67f4d6-HcYj7x/team#Pytho Pajamas.pyz/main.py", line 23, in <module>
  File "<frozen zipimport>", line 259, in load_module
  File "/tmp/game#1#9a4f6b8d-41a8-48e3-9ea3-efa51c67f4d6-HcYj7x/team#Pytho Pajamas.pyz/strategy/strategy_config.py", line 1, in <module>
  File "<frozen zipimport>", line 259, in load_module
  File "/tmp/game#1#9a4f6b8d-41a8-48e3-9ea3-efa51c67f4d6-HcYj7x/team#Pytho Pajamas.pyz/strategy/knight_scope.py", line 3, in <module>
  File "/usr/lib/python3.9/turtle.py", line 107, in <module>
    import tkinter as TK
ModuleNotFoundError: No module named 'tkinter'

    at ChildProcess.exithandler (node:child_process:412:12)
    at ChildProcess.emit (node:events:513:28)
    at maybeClose (node:internal/child_process:1091:16)
    at ChildProcess._handle.onexit (node:internal/child_process:302:5) {
  code: 1,
  killed: false,
  signal: null,
  cmd: 'python3 /tmp/game#1#9a4f6b8d-41a8-48e3-9ea3-efa51c67f4d6-HcYj7x/team#Pytho Pajamas.pyz 0',
  stdout: '',
  stderr: 'Traceback (most recent call last):\n' +
    '  File "/usr/lib/python3.9/runpy.py", line 197, in _run_module_as_main\n' +
    '    return _run_code(code, main_globals, None,\n' +
    '  File "/usr/lib/python3.9/runpy.py", line 87, in _run_code\n' +
    '    exec(code, run_globals)\n' +
    '  File "/tmp/game#1#9a4f6b8d-41a8-48e3-9ea3-efa51c67f4d6-HcYj7x/team#Pytho Pajamas.pyz/__main__.py", line 2, in <module>\n' +
    '  File "<frozen zipimport>", line 259, in load_module\n' +
    '  File "/tmp/game#1#9a4f6b8d-41a8-48e3-9ea3-efa51c67f4d6-HcYj7x/team#Pytho Pajamas.pyz/main.py", line 23, in <module>\n' +
    '  File "<frozen zipimport>", line 259, in load_module\n' +
    '  File "/tmp/game#1#9a4f6b8d-41a8-48e3-9ea3-efa51c67f4d6-HcYj7x/team#Pytho Pajamas.pyz/strategy/strategy_config.py", line 1, in <module>\n' +
    '  File "<frozen zipimport>", line 259, in load_module\n' +
    '  File "/tmp/game#1#9a4f6b8d-41a8-48e3-9ea3-efa51c67f4d6-HcYj7x/team#Pytho Pajamas.pyz/strategy/knight_scope.py", line 3, in <module>\n' +
    '  File "/usr/lib/python3.9/turtle.py", line 107, in <module>\n' +
    '    import tkinter as TK\n' +
    "ModuleNotFoundError: No module named 'tkinter'\n"
}
		